============================= test session starts ==============================
platform darwin -- Python 3.13.12, pytest-9.0.2, pluggy-1.6.0
rootdir: /Users/carlosmazzei/apps/signalbridge-test-suite
configfile: pytest.ini
testpaths: tests
plugins: timeout-2.4.0, hypothesis-6.151.9, asyncio-1.3.0, cov-7.0.0
asyncio: mode=Mode.AUTO, debug=False, asyncio_default_fixture_loop_scope=function, asyncio_default_test_loop_scope=function
collected 260 items

tests/test_application_manager.py ...................................... [ 14%]
....                                                                     [ 16%]
tests/test_base_test.py ...........................................      [ 32%]
tests/test_baud_rate_test.py ....                                        [ 34%]
tests/test_checksum.py ........                                          [ 37%]
tests/test_command_mode.py ................                              [ 43%]
tests/test_latency_test.py .............                                 [ 48%]
tests/test_main.py ...                                                   [ 49%]
tests/test_protocol_properties.py .....                                  [ 51%]
tests/test_regression_test.py ..........                                 [ 55%]
tests/test_serial_interface.py .................                         [ 61%]
tests/test_status_mode.py ...........                                    [ 66%]
tests/test_stress_evaluator.py .......................                   [ 75%]
tests/test_stress_reporter.py ..............                             [ 80%]
tests/test_stress_test.py .............                                  [ 85%]
tests/test_visualize_results.py ......................................   [100%]

=============================== warnings summary ===============================
.venv/lib/python3.13/site-packages/_hypothesis_pytestplugin.py:481
  /Users/carlosmazzei/apps/signalbridge-test-suite/.venv/lib/python3.13/site-packages/_hypothesis_pytestplugin.py:481: UserWarning: Skipping collection of '.hypothesis' directory - this usually means you've explicitly set the `norecursedirs` pytest config option, replacing rather than extending the default ignores.
    warnings.warn(

-- Docs: https://docs.pytest.org/en/stable/how-to/capture-warnings.html
======================== 260 passed, 1 warning in 3.97s ========================
